<?xml version="1.0" encoding="UTF-8"?>
<!-- Generated by org.testng.reporters.JUnitReportReporter -->
<testsuite hostname="Shahiduls-MacBook-Pro.local" name="CoreSmokeTest" tests="1" failures="0" timestamp="7 Dec 2013 20:16:13 GMT" time="1.812" errors="0">
  <testcase name="buyTicketsAsNewCustomer" time="1.812" classname="CoreSmokeTest"/>
</testsuite> <!-- CoreSmokeTest -->
